<?xml version="1.0" encoding="UTF-8"?>
<testng-results skipped="0" failed="0" ignored="0" total="2" passed="2">
  <reporter-output>
  </reporter-output>
  <suite name="Default suite" duration-ms="67" started-at="2020-03-09T23:34:18 CDT" finished-at="2020-03-09T23:34:18 CDT">
    <groups>
    </groups>
    <test name="Default test" duration-ms="67" started-at="2020-03-09T23:34:18 CDT" finished-at="2020-03-09T23:34:18 CDT">
      <class name="qaclickacademy.RESTAPITest">
        <test-method status="PASS" signature="deleteTwitter()[pri:0, instance:qaclickacademy.RESTAPITest@1c3a4799]" name="deleteTwitter" duration-ms="10" started-at="2020-03-09T23:34:18 CDT" finished-at="2020-03-09T23:34:18 CDT">
          <reporter-output>
          </reporter-output>
        </test-method> <!-- deleteTwitter -->
        <test-method status="PASS" signature="postJira()[pri:0, instance:qaclickacademy.RESTAPITest@1c3a4799]" name="postJira" duration-ms="3" started-at="2020-03-09T23:34:18 CDT" finished-at="2020-03-09T23:34:18 CDT">
          <reporter-output>
          </reporter-output>
        </test-method> <!-- postJira -->
      </class> <!-- qaclickacademy.RESTAPITest -->
    </test> <!-- Default test -->
  </suite> <!-- Default suite -->
</testng-results>
